<?xml version="1.0" encoding="UTF-8"?>
<testsuite xmlns:xsi="http://www.w3.org/2001/XMLSchema-instance" xsi:noNamespaceSchemaLocation="https://maven.apache.org/surefire/maven-surefire-plugin/xsd/surefire-test-report-3.0.xsd" version="3.0" name="Question3_ClosestMinDistanceTest" time="0.017" tests="8" errors="0" skipped="0" failures="0">
  <properties>
[...]
</properties>
  <testcase name="testConsecutiveMinimums" classname="Question3_ClosestMinDistanceTest" time="0.001"/>
  <testcase name="testLargeArrayPerformance" classname="Question3_ClosestMinDistanceTest" time="0.008"/>
  <testcase name="testMinAtStartAndEnd" classname="Question3_ClosestMinDistanceTest" time="0.0"/>
  <testcase name="testMultipleMinimums" classname="Question3_ClosestMinDistanceTest" time="0.0"/>
  <testcase name="testTwoElementArray" classname="Question3_ClosestMinDistanceTest" time="0.0"/>
  <testcase name="testInvalidArrayTooSmall" classname="Question3_ClosestMinDistanceTest" time="0.003"/>
  <testcase name="testNullArray" classname="Question3_ClosestMinDistanceTest" time="0.001"/>
  <testcase name="testExampleCase" classname="Question3_ClosestMinDistanceTest" time="0.0"/>
</testsuite>